2023.02.09 09:39:37 INFO  tracing is disabled for protocol LSP, to enable tracing of incoming and outgoing JSON messages create an empty file at /home/cytech/Travail/S2/Java/tpVscode/TP4/.metals/lsp.trace.json or /home/cytech/.cache/metals/lsp.trace.json[0m
2023.02.09 09:39:38 INFO  logging to file /home/cytech/Travail/S2/Java/tpVscode/TP4/.metals/metals.log[0m
2023.02.09 09:39:38 INFO  Started: Metals version 0.11.10 in workspace '/home/cytech/Travail/S2/Java/tpVscode/TP4' for client Visual Studio Code 1.75.0.[0m
SLF4J: No SLF4J providers were found.
SLF4J: Defaulting to no-operation (NOP) logger implementation
SLF4J: See https://www.slf4j.org/codes.html#noProviders for further details.
SLF4J: Class path contains SLF4J bindings targeting slf4j-api versions 1.7.x or earlier.
SLF4J: Ignoring binding found at [jar:file:/home/cytech/.cache/coursier/v1/https/repo1.maven.org/maven2/com/outr/scribe-slf4j_2.13/3.10.5/scribe-slf4j_2.13-3.10.5.jar!/org/slf4j/impl/StaticLoggerBinder.class]
SLF4J: See https://www.slf4j.org/codes.html#ignoredBindings for an explanation.
2023.02.09 09:39:41 INFO  time: initialize in 2.54s[0m
2023.02.09 09:39:45 WARN  Build server is not auto-connectable.[0m
2023.02.09 09:39:45 WARN  no build target for: /home/cytech/Travail/S2/Java/tpVscode/TP4/src/main/java/com/example/tp/App.java[0m
Feb 09, 2023 9:39:46 AM org.eclipse.lsp4j.jsonrpc.RemoteEndpoint handleCancellation
WARNING: Unmatched cancel notification for request id 5
Feb 09, 2023 9:39:46 AM org.eclipse.lsp4j.jsonrpc.RemoteEndpoint handleCancellation
WARNING: Unmatched cancel notification for request id 2
Feb 09, 2023 9:39:46 AM org.eclipse.lsp4j.jsonrpc.RemoteEndpoint handleCancellation
WARNING: Unmatched cancel notification for request id 1
Feb 09, 2023 9:39:46 AM org.eclipse.lsp4j.jsonrpc.RemoteEndpoint handleCancellation
WARNING: Unmatched cancel notification for request id 7
2023.02.09 09:39:48 INFO  running '/usr/lib/jvm/java-11-openjdk-amd64/bin/java -Dfile.encoding=UTF-8 -Dmaven.multiModuleProjectDirectory=/home/cytech/Travail/S2/Java/tpVscode/TP4 -Dmaven.home=/tmp/metals7552187066429198259 -cp /tmp/metals7552187066429198259/maven-wrapper.jar org.apache.maven.wrapper.MavenWrapperMain generate-sources ch.epfl.scala:bloop-maven-plugin:2.0.0:bloopInstall -DdownloadSources=true'[0m
2023.02.09 09:39:48 INFO  time: code lens generation in 2.27s[0m
2023.02.09 09:39:48 INFO  time: code lens generation in 2.58s[0m
2023.02.09 09:39:51 INFO  [INFO] Scanning for projects...[0m
2023.02.09 09:39:51 INFO  [WARNING] [0m
2023.02.09 09:39:51 INFO  [WARNING] Some problems were encountered while building the effective model for com.example.tp:tp3:jar:1.0[0m
2023.02.09 09:39:51 INFO  [WARNING] 'build.plugins.plugin.version' for org.apache.maven.plugins:maven-source-plugin is missing. @ line 16, column 21[0m
2023.02.09 09:39:51 INFO  [WARNING] 'build.plugins.plugin.version' for org.apache.maven.plugins:maven-javadoc-plugin is missing. @ line 42, column 21[0m
2023.02.09 09:39:51 INFO  [WARNING] [0m
2023.02.09 09:39:51 INFO  [WARNING] It is highly recommended to fix these problems because they threaten the stability of your build.[0m
2023.02.09 09:39:51 INFO  [WARNING] [0m
2023.02.09 09:39:51 INFO  [WARNING] For this reason, future Maven versions might no longer support building such malformed projects.[0m
2023.02.09 09:39:51 INFO  [WARNING] [0m
2023.02.09 09:39:51 INFO  [INFO] [0m
2023.02.09 09:39:51 INFO  [INFO] -------------------------< com.example.tp:tp3 >-------------------------[0m
2023.02.09 09:39:51 INFO  [INFO] Building tp3 1.0[0m
2023.02.09 09:39:51 INFO  [INFO] --------------------------------[ jar ]---------------------------------[0m
2023.02.09 09:39:51 INFO  [INFO] [0m
2023.02.09 09:39:51 INFO  [INFO] --- bloop-maven-plugin:2.0.0:bloopInstall (default-cli) @ tp3 ---[0m
2023.02.09 09:39:52 INFO  [INFO] Using empty launcher: no run setup for tp3.[0m
2023.02.09 09:39:52 INFO  [ERROR] org.scala-lang:scala([0-9]?)-library is missing from project dependencies[0m
2023.02.09 09:39:52 INFO  [ERROR] org.scala-lang:scala([0-9]?)-library is missing from project dependencies[0m
2023.02.09 09:39:52 INFO  [INFO] Generated .bloop/tp3.json[0m
2023.02.09 09:39:52 INFO  [INFO] Generated .bloop/tp3-test.json[0m
2023.02.09 09:39:52 INFO  [INFO] ------------------------------------------------------------------------[0m
2023.02.09 09:39:52 INFO  [INFO] BUILD SUCCESS[0m
2023.02.09 09:39:52 INFO  [INFO] ------------------------------------------------------------------------[0m
2023.02.09 09:39:52 INFO  [INFO] Total time:  1.281 s[0m
2023.02.09 09:39:52 INFO  [INFO] Finished at: 2023-02-09T09:39:52+01:00[0m
2023.02.09 09:39:52 INFO  [INFO] ------------------------------------------------------------------------[0m
2023.02.09 09:39:52 INFO  time: ran 'mvn bloopInstall' in 3.83s[0m
2023.02.09 09:39:52 INFO  Attempting to connect to the build server...[0m
2023.02.09 09:39:52 INFO  Bloop uses /usr/lib/jvm/java-11-openjdk-amd64 defined at /home/cytech/.bloop/bloop.json[0m
2023.02.09 09:39:52 INFO  tracing is disabled for protocol BSP, to enable tracing of incoming and outgoing JSON messages create an empty file at /home/cytech/Travail/S2/Java/tpVscode/TP4/.metals/bsp.trace.json or /home/cytech/.cache/metals/bsp.trace.json[0m
2023.02.09 09:39:52 INFO  time: Connected to build server in 0.25s[0m
2023.02.09 09:39:52 INFO  Connected to Build server: Bloop v1.5.6[0m
2023.02.09 09:39:54 WARN  Could not find java sources in /usr/lib/jvm/src.zip, /usr/lib/jvm/lib/src.zip, /usr/lib/jvm/java-11-openjdk-amd64/src.zip, /usr/lib/jvm/java-11-openjdk-amd64/lib/src.zip. Java symbols will not be available.[0m
2023.02.09 09:39:54 WARN  Could not find java sources in /usr/lib/jvm/src.zip, /usr/lib/jvm/lib/src.zip, /usr/lib/jvm/java-11-openjdk-amd64/src.zip, /usr/lib/jvm/java-11-openjdk-amd64/lib/src.zip. Java symbols will not be available.[0m
2023.02.09 09:39:54 WARN  Could not find java sources in /usr/lib/jvm/src.zip, /usr/lib/jvm/lib/src.zip, /usr/lib/jvm/java-11-openjdk-amd64/src.zip, /usr/lib/jvm/java-11-openjdk-amd64/lib/src.zip. Java symbols will not be available.[0m
2023.02.09 09:39:54 INFO  time: indexed workspace in 1.25s[0m
2023.02.09 09:39:54 INFO  compiling tp3 (1 java source)[0m
2023.02.09 09:39:54 INFO  time: compiled tp3 in 0.43s[0m
2023.02.09 09:39:59 INFO  compiling tp3 (1 java source)[0m
2023.02.09 09:39:59 INFO  time: compiled tp3 in 0.28s[0m
2023.02.09 09:40:05 INFO  compiling tp3 (1 java source)[0m
2023.02.09 09:40:05 INFO  time: compiled tp3 in 40ms[0m
2023.02.09 09:40:08 INFO  compiling tp3 (1 java source)[0m
2023.02.09 09:40:08 INFO  time: compiled tp3 in 0.13s[0m
Feb 09, 2023 9:40:25 AM org.eclipse.lsp4j.jsonrpc.services.GenericEndpoint notify
INFO: Unsupported notification method: $/setTrace
2023.02.09 09:40:27 INFO  running '/usr/lib/jvm/java-11-openjdk-amd64/bin/java -Dfile.encoding=UTF-8 -Dmaven.multiModuleProjectDirectory=/home/cytech/Travail/S2/Java/tpVscode/TP4 -Dmaven.home=/tmp/metals15851825740248072951 -cp /tmp/metals15851825740248072951/maven-wrapper.jar org.apache.maven.wrapper.MavenWrapperMain generate-sources ch.epfl.scala:bloop-maven-plugin:2.0.0:bloopInstall -DdownloadSources=true'[0m
2023.02.09 09:40:27 INFO  [INFO] Scanning for projects...[0m
2023.02.09 09:40:27 INFO  [WARNING] [0m
2023.02.09 09:40:27 INFO  [WARNING] Some problems were encountered while building the effective model for com.example.tp:tp4:jar:1.0[0m
2023.02.09 09:40:27 INFO  [WARNING] 'build.plugins.plugin.version' for org.apache.maven.plugins:maven-source-plugin is missing. @ line 16, column 21[0m
2023.02.09 09:40:27 INFO  [WARNING] 'build.plugins.plugin.version' for org.apache.maven.plugins:maven-javadoc-plugin is missing. @ line 42, column 21[0m
2023.02.09 09:40:27 INFO  [WARNING] [0m
2023.02.09 09:40:27 INFO  [WARNING] It is highly recommended to fix these problems because they threaten the stability of your build.[0m
2023.02.09 09:40:27 INFO  [WARNING] [0m
2023.02.09 09:40:27 INFO  [WARNING] For this reason, future Maven versions might no longer support building such malformed projects.[0m
2023.02.09 09:40:27 INFO  [WARNING] [0m
2023.02.09 09:40:27 INFO  [INFO] [0m
2023.02.09 09:40:27 INFO  [INFO] -------------------------< com.example.tp:tp4 >-------------------------[0m
2023.02.09 09:40:27 INFO  [INFO] Building tp4 1.0[0m
2023.02.09 09:40:27 INFO  [INFO] --------------------------------[ jar ]---------------------------------[0m
2023.02.09 09:40:27 INFO  [INFO] [0m
2023.02.09 09:40:27 INFO  [INFO] --- bloop-maven-plugin:2.0.0:bloopInstall (default-cli) @ tp4 ---[0m
2023.02.09 09:40:27 INFO  [INFO] Using empty launcher: no run setup for tp4.[0m
2023.02.09 09:40:27 INFO  [ERROR] org.scala-lang:scala([0-9]?)-library is missing from project dependencies[0m
2023.02.09 09:40:27 INFO  [ERROR] org.scala-lang:scala([0-9]?)-library is missing from project dependencies[0m
2023.02.09 09:40:27 INFO  [INFO] Generated .bloop/tp4.json[0m
2023.02.09 09:40:27 INFO  [INFO] Generated .bloop/tp4-test.json[0m
2023.02.09 09:40:27 INFO  [INFO] ------------------------------------------------------------------------[0m
2023.02.09 09:40:27 INFO  [INFO] BUILD SUCCESS[0m
2023.02.09 09:40:27 INFO  [INFO] ------------------------------------------------------------------------[0m
2023.02.09 09:40:27 INFO  [INFO] Total time:  0.840 s[0m
2023.02.09 09:40:27 INFO  [INFO] Finished at: 2023-02-09T09:40:28+01:00[0m
2023.02.09 09:40:27 INFO  [INFO] ------------------------------------------------------------------------[0m
2023.02.09 09:40:28 INFO  time: ran 'mvn bloopInstall' in 1.77s[0m
2023.02.09 09:40:28 INFO  Disconnecting from Bloop session...[0m
2023.02.09 09:40:28 INFO  Shut down connection with build server.[0m
2023.02.09 09:40:28 INFO  Attempting to connect to the build server...[0m
2023.02.09 09:40:28 INFO  Bloop uses /usr/lib/jvm/java-11-openjdk-amd64 defined at /home/cytech/.bloop/bloop.json[0m
java.io.UncheckedIOException: java.nio.file.NoSuchFileException: /home/cytech/Travail/S2/Java/tpVscode/TP4/target/bloop-bsp-clients-classes/classes-Metals-pwK2b9veQ1SigHBJjGyOHg==
	at java.base/java.nio.file.FileTreeIterator.fetchNextIfNeeded(FileTreeIterator.java:87)
	at java.base/java.nio.file.FileTreeIterator.hasNext(FileTreeIterator.java:103)
	at java.base/java.util.Spliterators$IteratorSpliterator.tryAdvance(Spliterators.java:1811)
	at java.base/java.util.stream.StreamSpliterators$WrappingSpliterator.lambda$initPartialTraversalState$0(StreamSpliterators.java:294)
	at java.base/java.util.stream.StreamSpliterators$AbstractWrappingSpliterator.fillBuffer(StreamSpliterators.java:206)
	at java.base/java.util.stream.StreamSpliterators$AbstractWrappingSpliterator.doAdvance(StreamSpliterators.java:169)
	at java.base/java.util.stream.StreamSpliterators$WrappingSpliterator.tryAdvance(StreamSpliterators.java:300)
	at java.base/java.util.Spliterators$1Adapter.hasNext(Spliterators.java:681)
	at scala.collection.convert.JavaCollectionWrappers$JIteratorWrapper.hasNext(JavaCollectionWrappers.scala:41)
	at geny.Generator$SelfClosing.generate(Generator.scala:228)
	at geny.Generator$Mapped.generate(Generator.scala:283)
	at geny.Generator.find(Generator.scala:56)
	at geny.Generator.find$(Generator.scala:54)
	at geny.Generator$Mapped.find(Generator.scala:281)
	at geny.Generator.exists(Generator.scala:65)
	at geny.Generator.exists$(Generator.scala:65)
	at geny.Generator$Mapped.exists(Generator.scala:281)
	at geny.Generator.forall(Generator.scala:67)
	at geny.Generator.forall$(Generator.scala:67)
	at geny.Generator$Mapped.forall(Generator.scala:281)
	at scala.meta.internal.builds.MavenDigest$.digestWorkspace(MavenDigest.scala:13)
	at scala.meta.internal.builds.Digestable.current(Digest.scala:191)
	at scala.meta.internal.builds.Digestable.current$(Digest.scala:180)
	at scala.meta.internal.builds.MavenDigest$.current(MavenDigest.scala:8)
	at scala.meta.internal.builds.MavenBuildTool.digest(MavenBuildTool.scala:58)
	at scala.meta.internal.builds.BloopInstall.persistChecksumStatus(BloopInstall.scala:154)
	at scala.meta.internal.builds.BloopInstall.$anonfun$runArgumentsUnconditionally$3(BloopInstall.scala:91)
	at scala.meta.internal.builds.BloopInstall.$anonfun$runArgumentsUnconditionally$3$adapted(BloopInstall.scala:91)
	at scala.Option.foreach(Option.scala:437)
	at scala.meta.internal.builds.BloopInstall.$anonfun$runArgumentsUnconditionally$2(BloopInstall.scala:91)
	at scala.meta.internal.builds.BloopInstall.$anonfun$runArgumentsUnconditionally$2$adapted(BloopInstall.scala:90)
	at scala.util.Success.foreach(Try.scala:260)
	at scala.concurrent.impl.Promise$Transformation.run(Promise.scala:481)
	at java.base/java.util.concurrent.ThreadPoolExecutor.runWorker(ThreadPoolExecutor.java:1128)
	at java.base/java.util.concurrent.ThreadPoolExecutor$Worker.run(ThreadPoolExecutor.java:628)
	at java.base/java.lang.Thread.run(Thread.java:829)
Caused by: java.nio.file.NoSuchFileException: /home/cytech/Travail/S2/Java/tpVscode/TP4/target/bloop-bsp-clients-classes/classes-Metals-pwK2b9veQ1SigHBJjGyOHg==
	at java.base/sun.nio.fs.UnixException.translateToIOException(UnixException.java:92)
	at java.base/sun.nio.fs.UnixException.rethrowAsIOException(UnixException.java:111)
	at java.base/sun.nio.fs.UnixException.rethrowAsIOException(UnixException.java:116)
	at java.base/sun.nio.fs.UnixFileSystemProvider.newDirectoryStream(UnixFileSystemProvider.java:432)
	at java.base/java.nio.file.Files.newDirectoryStream(Files.java:472)
	at java.base/java.nio.file.FileTreeWalker.visit(FileTreeWalker.java:300)
	at java.base/java.nio.file.FileTreeWalker.next(FileTreeWalker.java:373)
	at java.base/java.nio.file.FileTreeIterator.fetchNextIfNeeded(FileTreeIterator.java:83)
	... 35 more
2023.02.09 09:40:28 INFO  tracing is disabled for protocol BSP, to enable tracing of incoming and outgoing JSON messages create an empty file at /home/cytech/Travail/S2/Java/tpVscode/TP4/.metals/bsp.trace.json or /home/cytech/.cache/metals/bsp.trace.json[0m
2023.02.09 09:40:28 INFO  time: Connected to build server in 34ms[0m
2023.02.09 09:40:28 INFO  Connected to Build server: Bloop v1.5.6[0m
2023.02.09 09:40:30 WARN  Could not find java sources in /usr/lib/jvm/src.zip, /usr/lib/jvm/lib/src.zip, /usr/lib/jvm/java-11-openjdk-amd64/src.zip, /usr/lib/jvm/java-11-openjdk-amd64/lib/src.zip. Java symbols will not be available.[0m
2023.02.09 09:40:30 WARN  Could not find java sources in /usr/lib/jvm/src.zip, /usr/lib/jvm/lib/src.zip, /usr/lib/jvm/java-11-openjdk-amd64/src.zip, /usr/lib/jvm/java-11-openjdk-amd64/lib/src.zip. Java symbols will not be available.[0m
2023.02.09 09:40:30 WARN  Could not find java sources in /usr/lib/jvm/src.zip, /usr/lib/jvm/lib/src.zip, /usr/lib/jvm/java-11-openjdk-amd64/src.zip, /usr/lib/jvm/java-11-openjdk-amd64/lib/src.zip. Java symbols will not be available.[0m
2023.02.09 09:40:30 INFO  time: indexed workspace in 1.12s[0m
2023.02.09 09:40:38 INFO  shutting down Metals[0m
2023.02.09 09:40:38 INFO  Shut down connection with build server.[0m
2023.02.09 09:40:47 INFO  tracing is disabled for protocol LSP, to enable tracing of incoming and outgoing JSON messages create an empty file at /home/cytech/Travail/S2/Java/tpVscode/TP4/.metals/lsp.trace.json or /home/cytech/.cache/metals/lsp.trace.json[0m
2023.02.09 09:40:48 INFO  logging to file /home/cytech/Travail/S2/Java/tpVscode/TP4/.metals/metals.log[0m
2023.02.09 09:40:48 INFO  Started: Metals version 0.11.10 in workspace '/home/cytech/Travail/S2/Java/tpVscode/TP4' for client Visual Studio Code 1.75.0.[0m
SLF4J: No SLF4J providers were found.
SLF4J: Defaulting to no-operation (NOP) logger implementation
SLF4J: See https://www.slf4j.org/codes.html#noProviders for further details.
SLF4J: Class path contains SLF4J bindings targeting slf4j-api versions 1.7.x or earlier.
SLF4J: Ignoring binding found at [jar:file:/home/cytech/.cache/coursier/v1/https/repo1.maven.org/maven2/com/outr/scribe-slf4j_2.13/3.10.5/scribe-slf4j_2.13-3.10.5.jar!/org/slf4j/impl/StaticLoggerBinder.class]
SLF4J: See https://www.slf4j.org/codes.html#ignoredBindings for an explanation.
2023.02.09 09:40:51 INFO  time: initialize in 3.56s[0m
2023.02.09 09:40:57 INFO  Attempting to connect to the build server...[0m
2023.02.09 09:40:57 INFO  Bloop uses /usr/lib/jvm/java-11-openjdk-amd64 defined at /home/cytech/.bloop/bloop.json[0m
2023.02.09 09:40:57 INFO  skipping build import with status 'Started'[0m
2023.02.09 09:40:57 INFO  tracing is disabled for protocol BSP, to enable tracing of incoming and outgoing JSON messages create an empty file at /home/cytech/Travail/S2/Java/tpVscode/TP4/.metals/bsp.trace.json or /home/cytech/.cache/metals/bsp.trace.json[0m
2023.02.09 09:40:57 INFO  time: Connected to build server in 0.55s[0m
2023.02.09 09:40:57 INFO  Connected to Build server: Bloop v1.5.6[0m
2023.02.09 09:40:57 INFO  time: Imported build in 0.12s[0m
2023.02.09 09:40:58 INFO  time: code lens generation in 1.79s[0m
2023.02.09 09:41:00 INFO  time: code lens generation in 3.47s[0m
2023.02.09 09:41:00 INFO  time: code lens generation in 3.63s[0m
2023.02.09 09:41:02 WARN  Could not find java sources in /usr/lib/jvm/src.zip, /usr/lib/jvm/lib/src.zip, /usr/lib/jvm/java-11-openjdk-amd64/src.zip, /usr/lib/jvm/java-11-openjdk-amd64/lib/src.zip. Java symbols will not be available.[0m
2023.02.09 09:41:02 WARN  Could not find java sources in /usr/lib/jvm/src.zip, /usr/lib/jvm/lib/src.zip, /usr/lib/jvm/java-11-openjdk-amd64/src.zip, /usr/lib/jvm/java-11-openjdk-amd64/lib/src.zip. Java symbols will not be available.[0m
2023.02.09 09:41:02 WARN  Could not find java sources in /usr/lib/jvm/src.zip, /usr/lib/jvm/lib/src.zip, /usr/lib/jvm/java-11-openjdk-amd64/src.zip, /usr/lib/jvm/java-11-openjdk-amd64/lib/src.zip. Java symbols will not be available.[0m
2023.02.09 09:41:02 INFO  time: indexed workspace in 4.93s[0m
Feb 09, 2023 9:41:30 AM org.eclipse.lsp4j.jsonrpc.services.GenericEndpoint notify
INFO: Unsupported notification method: $/setTrace
