2023.01.19 09:07:27 INFO  tracing is disabled for protocol LSP, to enable tracing of incoming and outgoing JSON messages create an empty file at /home/cytech/Travail/S2/Java/TP1/.metals/lsp.trace.json or /home/cytech/.cache/metals/lsp.trace.json
2023.01.19 09:07:28 INFO  logging to file /home/cytech/Travail/S2/Java/TP1/.metals/metals.log
2023.01.19 09:07:28 INFO  Started: Metals version 0.11.10 in workspace '/home/cytech/Travail/S2/Java/TP1' for client Visual Studio Code 1.74.3.
SLF4J: No SLF4J providers were found.
SLF4J: Defaulting to no-operation (NOP) logger implementation
SLF4J: See https://www.slf4j.org/codes.html#noProviders for further details.
SLF4J: Class path contains SLF4J bindings targeting slf4j-api versions 1.7.x or earlier.
SLF4J: Ignoring binding found at [jar:file:/home/cytech/.cache/coursier/v1/https/repo1.maven.org/maven2/com/outr/scribe-slf4j_2.13/3.10.5/scribe-slf4j_2.13-3.10.5.jar!/org/slf4j/impl/StaticLoggerBinder.class]
SLF4J: See https://www.slf4j.org/codes.html#ignoredBindings for an explanation.
2023.01.19 09:07:30 INFO  time: initialize in 2.37s
2023.01.19 09:07:33 WARN  Build server is not auto-connectable.
2023.01.19 09:07:33 WARN  no build tool detected in workspace '/home/cytech/Travail/S2/Java/TP1'. The most common cause for this problem is that the editor was opened in the wrong working directory, for example if you use sbt then the workspace directory should contain build.sbt. 
2023.01.19 09:07:33 WARN  no build target for: /home/cytech/Travail/S2/Java/TP1/src/App.java
2023.01.19 09:07:35 INFO  time: code lens generation in 1.46s
2023.01.19 09:07:35 INFO  time: code lens generation in 1.7s
2023.01.19 09:08:31 WARN  no build target for: /home/cytech/Travail/S2/Java/TP1/src/App.java
Jan 19, 2023 9:08:40 AM org.eclipse.lsp4j.jsonrpc.services.GenericEndpoint notify
INFO: Unsupported notification method: $/setTrace
Jan 19, 2023 9:10:32 AM org.eclipse.lsp4j.jsonrpc.services.GenericEndpoint notify
INFO: Unsupported notification method: $/setTrace
2023.01.19 09:10:32 INFO  shutting down Metals
2023.01.19 09:11:34 INFO  tracing is disabled for protocol LSP, to enable tracing of incoming and outgoing JSON messages create an empty file at /home/cytech/Travail/S2/Java/TP1/.metals/lsp.trace.json or /home/cytech/.cache/metals/lsp.trace.json
2023.01.19 09:11:36 INFO  logging to file /home/cytech/Travail/S2/Java/TP1/.metals/metals.log
2023.01.19 09:11:36 INFO  Started: Metals version 0.11.10 in workspace '/home/cytech/Travail/S2/Java/TP1' for client Visual Studio Code 1.74.3.
SLF4J: No SLF4J providers were found.
SLF4J: Defaulting to no-operation (NOP) logger implementation
SLF4J: See https://www.slf4j.org/codes.html#noProviders for further details.
SLF4J: Class path contains SLF4J bindings targeting slf4j-api versions 1.7.x or earlier.
SLF4J: Ignoring binding found at [jar:file:/home/cytech/.cache/coursier/v1/https/repo1.maven.org/maven2/com/outr/scribe-slf4j_2.13/3.10.5/scribe-slf4j_2.13-3.10.5.jar!/org/slf4j/impl/StaticLoggerBinder.class]
SLF4J: See https://www.slf4j.org/codes.html#ignoredBindings for an explanation.
2023.01.19 09:11:40 INFO  time: initialize in 3.72s
2023.01.19 09:11:43 WARN  Build server is not auto-connectable.
2023.01.19 09:11:43 WARN  no build tool detected in workspace '/home/cytech/Travail/S2/Java/TP1'. The most common cause for this problem is that the editor was opened in the wrong working directory, for example if you use sbt then the workspace directory should contain build.sbt. 
2023.01.19 09:11:43 WARN  no build target for: /home/cytech/Travail/S2/Java/TP1/src/App.java
Jan 19, 2023 9:11:44 AM org.eclipse.lsp4j.jsonrpc.RemoteEndpoint handleCancellation
WARNING: Unmatched cancel notification for request id 4
Jan 19, 2023 9:11:44 AM org.eclipse.lsp4j.jsonrpc.RemoteEndpoint handleCancellation
WARNING: Unmatched cancel notification for request id 6
Jan 19, 2023 9:11:44 AM org.eclipse.lsp4j.jsonrpc.RemoteEndpoint handleCancellation
WARNING: Unmatched cancel notification for request id 1
Jan 19, 2023 9:11:44 AM org.eclipse.lsp4j.jsonrpc.RemoteEndpoint handleCancellation
WARNING: Unmatched cancel notification for request id 7
2023.01.19 09:11:45 INFO  time: code lens generation in 1.66s
2023.01.19 09:11:45 INFO  time: code lens generation in 1.41s
2023.01.19 09:13:23 INFO  shutting down Metals
2023.01.19 09:27:15 INFO  tracing is disabled for protocol LSP, to enable tracing of incoming and outgoing JSON messages create an empty file at /home/cytech/Travail/S2/Java/tpVscode/TP1/.metals/lsp.trace.json or /home/cytech/.cache/metals/lsp.trace.json
2023.01.19 09:27:17 INFO  logging to file /home/cytech/Travail/S2/Java/tpVscode/TP1/.metals/metals.log
2023.01.19 09:27:17 INFO  Started: Metals version 0.11.10 in workspace '/home/cytech/Travail/S2/Java/tpVscode/TP1' for client Visual Studio Code 1.74.3.
SLF4J: No SLF4J providers were found.
SLF4J: Defaulting to no-operation (NOP) logger implementation
SLF4J: See https://www.slf4j.org/codes.html#noProviders for further details.
SLF4J: Class path contains SLF4J bindings targeting slf4j-api versions 1.7.x or earlier.
SLF4J: Ignoring binding found at [jar:file:/home/cytech/.cache/coursier/v1/https/repo1.maven.org/maven2/com/outr/scribe-slf4j_2.13/3.10.5/scribe-slf4j_2.13-3.10.5.jar!/org/slf4j/impl/StaticLoggerBinder.class]
SLF4J: See https://www.slf4j.org/codes.html#ignoredBindings for an explanation.
2023.01.19 09:27:19 INFO  time: initialize in 2.56s
2023.01.19 09:27:24 WARN  Build server is not auto-connectable.
2023.01.19 09:27:24 WARN  no build tool detected in workspace '/home/cytech/Travail/S2/Java/tpVscode/TP1'. The most common cause for this problem is that the editor was opened in the wrong working directory, for example if you use sbt then the workspace directory should contain build.sbt. 
2023.01.19 09:27:25 WARN  no build target for: /home/cytech/Travail/S2/Java/tpVscode/TP1/src/App.java
2023.01.19 09:27:28 INFO  time: code lens generation in 2.95s
2023.01.19 09:27:28 INFO  time: code lens generation in 2.66s
Jan 19, 2023 9:38:03 AM org.eclipse.lsp4j.jsonrpc.services.GenericEndpoint notify
INFO: Unsupported notification method: $/setTrace
2023.01.19 10:17:24 WARN  Skipping build import, no checksum.
2023.01.19 10:17:36 WARN  Skipping build import, no checksum.
2023.01.19 10:17:40 WARN  Skipping build import, no checksum.
2023.01.19 10:17:41 WARN  Skipping build import, no checksum.
2023.01.19 10:17:44 WARN  Skipping build import, no checksum.
2023.01.19 10:17:46 WARN  Skipping build import, no checksum.
2023.01.19 10:17:47 WARN  Skipping build import, no checksum.
2023.01.19 10:17:48 WARN  Skipping build import, no checksum.
2023.01.19 10:18:25 WARN  no build target for: /home/cytech/Travail/S2/Java/tpVscode/TP1/src/App.java
2023.01.19 10:19:00 WARN  no build target for: /home/cytech/Travail/S2/Java/tpVscode/TP1/src/main/java/com/example/tp/App.java
2023.01.19 10:19:01 WARN  no build target for: /home/cytech/Travail/S2/Java/tpVscode/TP1/src/main/java/com/example/tp/App.java
2023.01.19 10:19:09 WARN  no build target for: /home/cytech/Travail/S2/Java/tpVscode/TP1/src/main/java/com/example/tp/App.java
2023.01.19 10:19:44 WARN  no build target for: /home/cytech/Travail/S2/Java/tpVscode/TP1/src/main/java/com/example/tp/App.java
2023.01.19 10:19:45 WARN  no build target for: /home/cytech/Travail/S2/Java/tpVscode/TP1/src/main/java/com/example/tp/App.java
Jan 19, 2023 10:19:52 AM org.eclipse.lsp4j.jsonrpc.services.GenericEndpoint notify
INFO: Unsupported notification method: $/setTrace
Jan 19, 2023 10:19:55 AM org.eclipse.lsp4j.jsonrpc.services.GenericEndpoint notify
INFO: Unsupported notification method: $/setTrace
Jan 19, 2023 10:19:56 AM org.eclipse.lsp4j.jsonrpc.services.GenericEndpoint notify
INFO: Unsupported notification method: $/setTrace
Jan 19, 2023 10:19:59 AM org.eclipse.lsp4j.jsonrpc.services.GenericEndpoint notify
INFO: Unsupported notification method: $/setTrace
Jan 19, 2023 10:20:11 AM org.eclipse.lsp4j.jsonrpc.services.GenericEndpoint notify
INFO: Unsupported notification method: $/setTrace
Jan 19, 2023 10:20:18 AM org.eclipse.lsp4j.jsonrpc.services.GenericEndpoint notify
INFO: Unsupported notification method: $/setTrace
Jan 19, 2023 10:20:21 AM org.eclipse.lsp4j.jsonrpc.services.GenericEndpoint notify
INFO: Unsupported notification method: $/setTrace
Jan 19, 2023 10:20:22 AM org.eclipse.lsp4j.jsonrpc.services.GenericEndpoint notify
INFO: Unsupported notification method: $/setTrace
Jan 19, 2023 10:20:23 AM org.eclipse.lsp4j.jsonrpc.services.GenericEndpoint notify
INFO: Unsupported notification method: $/setTrace
2023.01.19 10:20:40 INFO  skipping build import with status 'Dismissed'
2023.01.19 10:20:43 INFO  skipping build import with status 'Dismissed'
2023.01.19 10:20:44 INFO  skipping build import with status 'Dismissed'
2023.01.19 10:20:50 INFO  skipping build import with status 'Dismissed'
2023.01.19 10:20:55 INFO  skipping build import with status 'Dismissed'
2023.01.19 10:20:56 INFO  skipping build import with status 'Dismissed'
2023.01.19 10:21:03 INFO  skipping build import with status 'Dismissed'
2023.01.19 10:21:17 INFO  running '/usr/lib/jvm/java-11-openjdk-amd64/bin/java -Dfile.encoding=UTF-8 -Dmaven.multiModuleProjectDirectory=/home/cytech/Travail/S2/Java/tpVscode/TP1 -Dmaven.home=/tmp/metals6712249634604383355 -cp /tmp/metals6712249634604383355/maven-wrapper.jar org.apache.maven.wrapper.MavenWrapperMain generate-sources ch.epfl.scala:bloop-maven-plugin:2.0.0:bloopInstall -DdownloadSources=true'
2023.01.19 10:21:18 INFO  [INFO] Scanning for projects...
2023.01.19 10:21:18 INFO  [INFO] 
2023.01.19 10:21:18 INFO  [INFO] -------------------------< com.example.tp:tp1 >-------------------------
2023.01.19 10:21:18 INFO  [INFO] Building tp1 1.0
2023.01.19 10:21:18 INFO  [INFO] --------------------------------[ jar ]---------------------------------
2023.01.19 10:21:18 INFO  [INFO] 
2023.01.19 10:21:18 INFO  [INFO] --- bloop-maven-plugin:2.0.0:bloopInstall (default-cli) @ tp1 ---
2023.01.19 10:21:18 INFO  [INFO] Using empty launcher: no run setup for tp1.
2023.01.19 10:21:18 INFO  [ERROR] org.scala-lang:scala([0-9]?)-library is missing from project dependencies
2023.01.19 10:21:18 INFO  [ERROR] org.scala-lang:scala([0-9]?)-library is missing from project dependencies
2023.01.19 10:21:18 INFO  [INFO] Generated .bloop/tp1.json
2023.01.19 10:21:18 INFO  [INFO] Generated .bloop/tp1-test.json
2023.01.19 10:21:18 INFO  [INFO] ------------------------------------------------------------------------
2023.01.19 10:21:18 INFO  [INFO] BUILD SUCCESS
2023.01.19 10:21:18 INFO  [INFO] ------------------------------------------------------------------------
2023.01.19 10:21:18 INFO  [INFO] Total time:  0.770 s
2023.01.19 10:21:18 INFO  [INFO] Finished at: 2023-01-19T10:21:18+01:00
2023.01.19 10:21:18 INFO  [INFO] ------------------------------------------------------------------------
2023.01.19 10:21:18 INFO  time: ran 'mvn bloopInstall' in 1.47s
2023.01.19 10:21:18 INFO  Attempting to connect to the build server...
2023.01.19 10:21:18 INFO  Bloop uses /usr/lib/jvm/java-11-openjdk-amd64 defined at /home/cytech/.bloop/bloop.json
2023.01.19 10:21:18 INFO  tracing is disabled for protocol BSP, to enable tracing of incoming and outgoing JSON messages create an empty file at /home/cytech/Travail/S2/Java/tpVscode/TP1/.metals/bsp.trace.json or /home/cytech/.cache/metals/bsp.trace.json
2023.01.19 10:21:18 INFO  time: Connected to build server in 0.84s
2023.01.19 10:21:18 INFO  Connected to Build server: Bloop v1.5.6
2023.01.19 10:21:19 INFO  time: Imported build in 0.12s
2023.01.19 10:21:20 WARN  Could not find java sources in /usr/lib/jvm/src.zip, /usr/lib/jvm/lib/src.zip, /usr/lib/jvm/java-11-openjdk-amd64/src.zip, /usr/lib/jvm/java-11-openjdk-amd64/lib/src.zip. Java symbols will not be available.
2023.01.19 10:21:20 WARN  Could not find java sources in /usr/lib/jvm/src.zip, /usr/lib/jvm/lib/src.zip, /usr/lib/jvm/java-11-openjdk-amd64/src.zip, /usr/lib/jvm/java-11-openjdk-amd64/lib/src.zip. Java symbols will not be available.
2023.01.19 10:21:20 WARN  Could not find java sources in /usr/lib/jvm/src.zip, /usr/lib/jvm/lib/src.zip, /usr/lib/jvm/java-11-openjdk-amd64/src.zip, /usr/lib/jvm/java-11-openjdk-amd64/lib/src.zip. Java symbols will not be available.
2023.01.19 10:21:20 INFO  time: indexed workspace in 0.92s
2023.01.19 10:21:21 INFO  compiling tp1 (1 java source)
2023.01.19 10:21:22 INFO  time: compiled tp1 in 1.4s
2023.01.19 10:21:35 INFO  shutting down Metals
2023.01.19 10:21:35 INFO  Shut down connection with build server.
2023.01.19 10:21:52 INFO  tracing is disabled for protocol LSP, to enable tracing of incoming and outgoing JSON messages create an empty file at /home/cytech/Travail/S2/Java/tpVscode/TP1/.metals/lsp.trace.json or /home/cytech/.cache/metals/lsp.trace.json
2023.01.19 10:21:53 INFO  logging to file /home/cytech/Travail/S2/Java/tpVscode/TP1/.metals/metals.log
2023.01.19 10:21:53 INFO  Started: Metals version 0.11.10 in workspace '/home/cytech/Travail/S2/Java/tpVscode/TP1' for client Visual Studio Code 1.74.3.
SLF4J: No SLF4J providers were found.
SLF4J: Defaulting to no-operation (NOP) logger implementation
SLF4J: See https://www.slf4j.org/codes.html#noProviders for further details.
SLF4J: Class path contains SLF4J bindings targeting slf4j-api versions 1.7.x or earlier.
SLF4J: Ignoring binding found at [jar:file:/home/cytech/.cache/coursier/v1/https/repo1.maven.org/maven2/com/outr/scribe-slf4j_2.13/3.10.5/scribe-slf4j_2.13-3.10.5.jar!/org/slf4j/impl/StaticLoggerBinder.class]
SLF4J: See https://www.slf4j.org/codes.html#ignoredBindings for an explanation.
2023.01.19 10:21:56 INFO  time: initialize in 3.31s
2023.01.19 10:22:01 INFO  Attempting to connect to the build server...
2023.01.19 10:22:01 INFO  Bloop uses /usr/lib/jvm/java-11-openjdk-amd64 defined at /home/cytech/.bloop/bloop.json
2023.01.19 10:22:01 INFO  skipping build import with status 'Dismissed'
2023.01.19 10:22:02 INFO  tracing is disabled for protocol BSP, to enable tracing of incoming and outgoing JSON messages create an empty file at /home/cytech/Travail/S2/Java/tpVscode/TP1/.metals/bsp.trace.json or /home/cytech/.cache/metals/bsp.trace.json
2023.01.19 10:22:02 INFO  time: Connected to build server in 0.5s
2023.01.19 10:22:02 INFO  Connected to Build server: Bloop v1.5.6
2023.01.19 10:22:02 INFO  time: Imported build in 0.14s
2023.01.19 10:22:02 INFO  time: code lens generation in 1.28s
2023.01.19 10:22:03 INFO  time: code lens generation in 2.15s
2023.01.19 10:22:04 WARN  Could not find java sources in /usr/lib/jvm/src.zip, /usr/lib/jvm/lib/src.zip, /usr/lib/jvm/java-11-openjdk-amd64/src.zip, /usr/lib/jvm/java-11-openjdk-amd64/lib/src.zip. Java symbols will not be available.
2023.01.19 10:22:04 WARN  Could not find java sources in /usr/lib/jvm/src.zip, /usr/lib/jvm/lib/src.zip, /usr/lib/jvm/java-11-openjdk-amd64/src.zip, /usr/lib/jvm/java-11-openjdk-amd64/lib/src.zip. Java symbols will not be available.
2023.01.19 10:22:04 WARN  Could not find java sources in /usr/lib/jvm/src.zip, /usr/lib/jvm/lib/src.zip, /usr/lib/jvm/java-11-openjdk-amd64/src.zip, /usr/lib/jvm/java-11-openjdk-amd64/lib/src.zip. Java symbols will not be available.
2023.01.19 10:22:04 INFO  time: indexed workspace in 2.13s
2023.01.19 10:22:04 INFO  compiling tp1 (1 java source)
2023.01.19 10:22:05 INFO  time: compiled tp1 in 1.01s
Jan 19, 2023 10:25:05 AM org.eclipse.lsp4j.jsonrpc.services.GenericEndpoint notify
INFO: Unsupported notification method: $/setTrace
2023.01.19 10:25:08 INFO  skipping build import with status 'Dismissed'
2023.01.19 10:25:16 INFO  skipping build import with status 'Dismissed'
2023.01.19 10:25:18 INFO  skipping build import with status 'Dismissed'
2023.01.19 10:25:23 INFO  skipping build import with status 'Dismissed'
2023.01.19 10:25:29 INFO  skipping build import with status 'Dismissed'
2023.01.19 10:25:34 INFO  skipping build import with status 'Dismissed'
2023.01.19 10:25:36 INFO  skipping build import with status 'Dismissed'
2023.01.19 10:25:38 INFO  skipping build import with status 'Dismissed'
2023.01.19 10:25:40 INFO  skipping build import with status 'Dismissed'
2023.01.19 10:25:42 INFO  skipping build import with status 'Dismissed'
2023.01.19 10:25:44 INFO  skipping build import with status 'Dismissed'
2023.01.19 10:25:46 INFO  skipping build import with status 'Dismissed'
2023.01.19 10:25:51 INFO  skipping build import with status 'Dismissed'
2023.01.19 10:25:53 INFO  skipping build import with status 'Dismissed'
2023.01.19 10:25:56 INFO  skipping build import with status 'Dismissed'
2023.01.19 10:25:57 INFO  skipping build import with status 'Dismissed'
2023.01.19 10:25:59 INFO  skipping build import with status 'Dismissed'
2023.01.19 10:26:02 INFO  skipping build import with status 'Dismissed'
2023.01.19 10:26:05 INFO  skipping build import with status 'Dismissed'
2023.01.19 10:26:07 INFO  skipping build import with status 'Dismissed'
2023.01.19 10:26:09 INFO  skipping build import with status 'Dismissed'
2023.01.19 10:26:13 INFO  skipping build import with status 'Dismissed'
2023.01.19 10:26:15 INFO  skipping build import with status 'Dismissed'
2023.01.19 10:26:16 INFO  skipping build import with status 'Dismissed'
2023.01.19 10:26:19 INFO  skipping build import with status 'Dismissed'
2023.01.19 10:26:21 INFO  skipping build import with status 'Dismissed'
2023.01.19 10:26:23 INFO  skipping build import with status 'Dismissed'
2023.01.19 10:26:25 INFO  skipping build import with status 'Dismissed'
2023.01.19 10:26:26 INFO  skipping build import with status 'Dismissed'
2023.01.19 10:26:30 INFO  skipping build import with status 'Dismissed'
2023.01.19 10:26:32 INFO  skipping build import with status 'Dismissed'
2023.01.19 10:26:35 INFO  skipping build import with status 'Dismissed'
2023.01.19 10:26:37 INFO  skipping build import with status 'Dismissed'
2023.01.19 10:26:39 INFO  skipping build import with status 'Dismissed'
2023.01.19 10:26:41 INFO  skipping build import with status 'Dismissed'
2023.01.19 10:26:43 INFO  skipping build import with status 'Dismissed'
2023.01.19 10:30:39 INFO  skipping build import with status 'Dismissed'
2023.01.19 10:30:42 INFO  skipping build import with status 'Dismissed'
2023.01.19 10:30:43 INFO  skipping build import with status 'Dismissed'
2023.01.19 10:30:47 INFO  skipping build import with status 'Dismissed'
2023.01.19 10:30:50 INFO  skipping build import with status 'Dismissed'
2023.01.19 10:30:51 INFO  skipping build import with status 'Dismissed'
2023.01.19 10:30:54 INFO  skipping build import with status 'Dismissed'
2023.01.19 10:30:55 INFO  skipping build import with status 'Dismissed'
2023.01.19 10:31:02 INFO  skipping build import with status 'Dismissed'
2023.01.19 10:31:04 INFO  skipping build import with status 'Dismissed'
2023.01.19 10:31:07 INFO  skipping build import with status 'Dismissed'
2023.01.19 10:31:08 INFO  skipping build import with status 'Dismissed'
2023.01.19 10:31:11 INFO  skipping build import with status 'Dismissed'
2023.01.19 10:31:14 INFO  skipping build import with status 'Dismissed'
2023.01.19 10:31:17 INFO  skipping build import with status 'Dismissed'
2023.01.19 10:31:20 INFO  skipping build import with status 'Dismissed'
2023.01.19 10:31:21 INFO  skipping build import with status 'Dismissed'
2023.01.19 10:31:23 INFO  skipping build import with status 'Dismissed'
2023.01.19 10:31:25 INFO  skipping build import with status 'Dismissed'
2023.01.19 10:31:26 INFO  skipping build import with status 'Dismissed'
2023.01.19 10:31:33 INFO  skipping build import with status 'Dismissed'
2023.01.19 10:31:37 INFO  skipping build import with status 'Dismissed'
2023.01.19 10:31:40 INFO  skipping build import with status 'Dismissed'
2023.01.19 10:31:44 INFO  skipping build import with status 'Dismissed'
2023.01.19 10:31:55 INFO  skipping build import with status 'Dismissed'
2023.01.19 10:31:58 INFO  skipping build import with status 'Dismissed'
2023.01.19 10:32:00 INFO  skipping build import with status 'Dismissed'
2023.01.19 10:32:08 INFO  skipping build import with status 'Dismissed'
2023.01.19 10:32:26 INFO  skipping build import with status 'Dismissed'
2023.01.19 10:32:27 INFO  skipping build import with status 'Dismissed'
2023.01.19 10:32:28 INFO  skipping build import with status 'Dismissed'
2023.01.19 10:32:30 INFO  skipping build import with status 'Dismissed'
2023.01.19 10:33:16 INFO  skipping build import with status 'Dismissed'
Jan 19, 2023 10:33:24 AM org.eclipse.lsp4j.jsonrpc.RemoteEndpoint handleCancellation
WARNING: Unmatched cancel notification for request id 14
2023.01.19 10:34:21 INFO  compiling tp1 (1 java source)
2023.01.19 10:34:21 INFO  time: compiled tp1 in 0.18s
Jan 19, 2023 10:44:34 AM org.eclipse.lsp4j.jsonrpc.services.GenericEndpoint notify
INFO: Unsupported notification method: $/setTrace
